<?xml version="1.0" encoding="UTF-8"?>
<!-- Generated by org.testng.reporters.JUnitReportReporter -->
<testsuite hostname="DESKTOP-7H2MO7P" failures="0" tests="1" name="orangehrmtestcases.adminlogin" time="3.487" errors="0" timestamp="2023-03-28T13:20:12 IST" skipped="0">
  <testcase classname="orangehrmtestcases.adminlogin" name="loginasadmin" time="3.487"/>
  <system-out/>
</testsuite> <!-- orangehrmtestcases.adminlogin -->
