<?xml version="1.0" encoding="UTF-8"?>
<!-- Generated by org.testng.reporters.JUnitReportReporter -->
<testsuite hostname="DESKTOP-7H2MO7P" failures="0" tests="1" name="orangehrmtestcases.empreg" time="4.435" errors="0" timestamp="2023-03-28T13:20:12 IST" skipped="0">
  <testcase classname="orangehrmtestcases.empreg" name="empregg" time="4.435"/>
  <system-out/>
</testsuite> <!-- orangehrmtestcases.empreg -->
